-------------------------------------------------------------------------------
Test set: pl.edu.pjatk.tau.dao.PlayerDaoTest
-------------------------------------------------------------------------------
Tests run: 10, Failures: 0, Errors: 10, Skipped: 0, Time elapsed: 0.106 sec <<< FAILURE! - in pl.edu.pjatk.tau.dao.PlayerDaoTest
checkDeleting(pl.edu.pjatk.tau.dao.PlayerDaoTest)  Time elapsed: 0.014 sec  <<< ERROR!
java.sql.SQLException: No suitable driver found for jdbc:hsqldb:hsql://localhost/workdb
	at java.sql.DriverManager.getConnection(DriverManager.java:689)
	at java.sql.DriverManager.getConnection(DriverManager.java:270)
	at pl.edu.pjatk.tau.dao.PlayerDaoTest.setup(PlayerDaoTest.java:34)

checkDeleting(pl.edu.pjatk.tau.dao.PlayerDaoTest)  Time elapsed: 0.017 sec  <<< ERROR!
java.sql.SQLException: No suitable driver found for jdbc:hsqldb:hsql://localhost/workdb
	at java.sql.DriverManager.getConnection(DriverManager.java:689)
	at java.sql.DriverManager.getConnection(DriverManager.java:270)
	at pl.edu.pjatk.tau.dao.PlayerDaoTest.cleanup(PlayerDaoTest.java:71)

checkGetting(pl.edu.pjatk.tau.dao.PlayerDaoTest)  Time elapsed: 0.002 sec  <<< ERROR!
java.sql.SQLException: No suitable driver found for jdbc:hsqldb:hsql://localhost/workdb
	at java.sql.DriverManager.getConnection(DriverManager.java:689)
	at java.sql.DriverManager.getConnection(DriverManager.java:270)
	at pl.edu.pjatk.tau.dao.PlayerDaoTest.setup(PlayerDaoTest.java:34)

checkGetting(pl.edu.pjatk.tau.dao.PlayerDaoTest)  Time elapsed: 0.003 sec  <<< ERROR!
java.sql.SQLException: No suitable driver found for jdbc:hsqldb:hsql://localhost/workdb
	at java.sql.DriverManager.getConnection(DriverManager.java:689)
	at java.sql.DriverManager.getConnection(DriverManager.java:270)
	at pl.edu.pjatk.tau.dao.PlayerDaoTest.cleanup(PlayerDaoTest.java:71)

checkUpdatingSuccess(pl.edu.pjatk.tau.dao.PlayerDaoTest)  Time elapsed: 0.001 sec  <<< ERROR!
java.sql.SQLException: No suitable driver found for jdbc:hsqldb:hsql://localhost/workdb
	at java.sql.DriverManager.getConnection(DriverManager.java:689)
	at java.sql.DriverManager.getConnection(DriverManager.java:270)
	at pl.edu.pjatk.tau.dao.PlayerDaoTest.setup(PlayerDaoTest.java:34)

checkUpdatingSuccess(pl.edu.pjatk.tau.dao.PlayerDaoTest)  Time elapsed: 0.001 sec  <<< ERROR!
java.sql.SQLException: No suitable driver found for jdbc:hsqldb:hsql://localhost/workdb
	at java.sql.DriverManager.getConnection(DriverManager.java:689)
	at java.sql.DriverManager.getConnection(DriverManager.java:270)
	at pl.edu.pjatk.tau.dao.PlayerDaoTest.cleanup(PlayerDaoTest.java:71)

checkAdding(pl.edu.pjatk.tau.dao.PlayerDaoTest)  Time elapsed: 0.001 sec  <<< ERROR!
java.sql.SQLException: No suitable driver found for jdbc:hsqldb:hsql://localhost/workdb
	at java.sql.DriverManager.getConnection(DriverManager.java:689)
	at java.sql.DriverManager.getConnection(DriverManager.java:270)
	at pl.edu.pjatk.tau.dao.PlayerDaoTest.setup(PlayerDaoTest.java:34)

checkAdding(pl.edu.pjatk.tau.dao.PlayerDaoTest)  Time elapsed: 0.002 sec  <<< ERROR!
java.sql.SQLException: No suitable driver found for jdbc:hsqldb:hsql://localhost/workdb
	at java.sql.DriverManager.getConnection(DriverManager.java:689)
	at java.sql.DriverManager.getConnection(DriverManager.java:270)
	at pl.edu.pjatk.tau.dao.PlayerDaoTest.cleanup(PlayerDaoTest.java:71)

checkUpdatingFailure(pl.edu.pjatk.tau.dao.PlayerDaoTest)  Time elapsed: 0.001 sec  <<< ERROR!
java.sql.SQLException: No suitable driver found for jdbc:hsqldb:hsql://localhost/workdb
	at java.sql.DriverManager.getConnection(DriverManager.java:689)
	at java.sql.DriverManager.getConnection(DriverManager.java:270)
	at pl.edu.pjatk.tau.dao.PlayerDaoTest.setup(PlayerDaoTest.java:34)

checkUpdatingFailure(pl.edu.pjatk.tau.dao.PlayerDaoTest)  Time elapsed: 0.001 sec  <<< ERROR!
java.sql.SQLException: No suitable driver found for jdbc:hsqldb:hsql://localhost/workdb
	at java.sql.DriverManager.getConnection(DriverManager.java:689)
	at java.sql.DriverManager.getConnection(DriverManager.java:270)
	at pl.edu.pjatk.tau.dao.PlayerDaoTest.cleanup(PlayerDaoTest.java:71)

