-------------------------------------------------------------------------------
Test set: pl.edu.pjatk.tau.DatabaseTestSuite
-------------------------------------------------------------------------------
Tests run: 12, Failures: 0, Errors: 12, Skipped: 0, Time elapsed: 0.177 s <<< FAILURE! - in pl.edu.pjatk.tau.DatabaseTestSuite
checkDeleting(pl.edu.pjatk.tau.dao.PlayerDaoTest)  Time elapsed: 0.11 s  <<< ERROR!
java.sql.SQLTransientConnectionException: java.net.ConnectException: Connection refused (Connection refused)
	at pl.edu.pjatk.tau.dao.PlayerDaoTest.setup(PlayerDaoTest.java:30)
Caused by: org.hsqldb.HsqlException: java.net.ConnectException: Connection refused (Connection refused)
	at pl.edu.pjatk.tau.dao.PlayerDaoTest.setup(PlayerDaoTest.java:30)
Caused by: java.net.ConnectException: Connection refused (Connection refused)
	at pl.edu.pjatk.tau.dao.PlayerDaoTest.setup(PlayerDaoTest.java:30)

checkDeleting(pl.edu.pjatk.tau.dao.PlayerDaoTest)  Time elapsed: 0.111 s  <<< ERROR!
java.sql.SQLTransientConnectionException: java.net.ConnectException: Connection refused (Connection refused)
	at pl.edu.pjatk.tau.dao.PlayerDaoTest.cleanup(PlayerDaoTest.java:69)
Caused by: org.hsqldb.HsqlException: java.net.ConnectException: Connection refused (Connection refused)
	at pl.edu.pjatk.tau.dao.PlayerDaoTest.cleanup(PlayerDaoTest.java:69)
Caused by: java.net.ConnectException: Connection refused (Connection refused)
	at pl.edu.pjatk.tau.dao.PlayerDaoTest.cleanup(PlayerDaoTest.java:69)

checkDeletingSuccess(pl.edu.pjatk.tau.dao.PlayerDaoTest)  Time elapsed: 0.002 s  <<< ERROR!
java.sql.SQLTransientConnectionException: java.net.ConnectException: Connection refused (Connection refused)
	at pl.edu.pjatk.tau.dao.PlayerDaoTest.setup(PlayerDaoTest.java:30)
Caused by: org.hsqldb.HsqlException: java.net.ConnectException: Connection refused (Connection refused)
	at pl.edu.pjatk.tau.dao.PlayerDaoTest.setup(PlayerDaoTest.java:30)
Caused by: java.net.ConnectException: Connection refused (Connection refused)
	at pl.edu.pjatk.tau.dao.PlayerDaoTest.setup(PlayerDaoTest.java:30)

checkDeletingSuccess(pl.edu.pjatk.tau.dao.PlayerDaoTest)  Time elapsed: 0.003 s  <<< ERROR!
java.sql.SQLTransientConnectionException: java.net.ConnectException: Connection refused (Connection refused)
	at pl.edu.pjatk.tau.dao.PlayerDaoTest.cleanup(PlayerDaoTest.java:69)
Caused by: org.hsqldb.HsqlException: java.net.ConnectException: Connection refused (Connection refused)
	at pl.edu.pjatk.tau.dao.PlayerDaoTest.cleanup(PlayerDaoTest.java:69)
Caused by: java.net.ConnectException: Connection refused (Connection refused)
	at pl.edu.pjatk.tau.dao.PlayerDaoTest.cleanup(PlayerDaoTest.java:69)

checkGetting(pl.edu.pjatk.tau.dao.PlayerDaoTest)  Time elapsed: 0.002 s  <<< ERROR!
java.sql.SQLTransientConnectionException: java.net.ConnectException: Connection refused (Connection refused)
	at pl.edu.pjatk.tau.dao.PlayerDaoTest.setup(PlayerDaoTest.java:30)
Caused by: org.hsqldb.HsqlException: java.net.ConnectException: Connection refused (Connection refused)
	at pl.edu.pjatk.tau.dao.PlayerDaoTest.setup(PlayerDaoTest.java:30)
Caused by: java.net.ConnectException: Connection refused (Connection refused)
	at pl.edu.pjatk.tau.dao.PlayerDaoTest.setup(PlayerDaoTest.java:30)

checkGetting(pl.edu.pjatk.tau.dao.PlayerDaoTest)  Time elapsed: 0.003 s  <<< ERROR!
java.sql.SQLTransientConnectionException: java.net.ConnectException: Connection refused (Connection refused)
	at pl.edu.pjatk.tau.dao.PlayerDaoTest.cleanup(PlayerDaoTest.java:69)
Caused by: org.hsqldb.HsqlException: java.net.ConnectException: Connection refused (Connection refused)
	at pl.edu.pjatk.tau.dao.PlayerDaoTest.cleanup(PlayerDaoTest.java:69)
Caused by: java.net.ConnectException: Connection refused (Connection refused)
	at pl.edu.pjatk.tau.dao.PlayerDaoTest.cleanup(PlayerDaoTest.java:69)

checkUpdatingSuccess(pl.edu.pjatk.tau.dao.PlayerDaoTest)  Time elapsed: 0.002 s  <<< ERROR!
java.sql.SQLTransientConnectionException: java.net.ConnectException: Connection refused (Connection refused)
	at pl.edu.pjatk.tau.dao.PlayerDaoTest.setup(PlayerDaoTest.java:30)
Caused by: org.hsqldb.HsqlException: java.net.ConnectException: Connection refused (Connection refused)
	at pl.edu.pjatk.tau.dao.PlayerDaoTest.setup(PlayerDaoTest.java:30)
Caused by: java.net.ConnectException: Connection refused (Connection refused)
	at pl.edu.pjatk.tau.dao.PlayerDaoTest.setup(PlayerDaoTest.java:30)

checkUpdatingSuccess(pl.edu.pjatk.tau.dao.PlayerDaoTest)  Time elapsed: 0.003 s  <<< ERROR!
java.sql.SQLTransientConnectionException: java.net.ConnectException: Connection refused (Connection refused)
	at pl.edu.pjatk.tau.dao.PlayerDaoTest.cleanup(PlayerDaoTest.java:69)
Caused by: org.hsqldb.HsqlException: java.net.ConnectException: Connection refused (Connection refused)
	at pl.edu.pjatk.tau.dao.PlayerDaoTest.cleanup(PlayerDaoTest.java:69)
Caused by: java.net.ConnectException: Connection refused (Connection refused)
	at pl.edu.pjatk.tau.dao.PlayerDaoTest.cleanup(PlayerDaoTest.java:69)

checkAdding(pl.edu.pjatk.tau.dao.PlayerDaoTest)  Time elapsed: 0.002 s  <<< ERROR!
java.sql.SQLTransientConnectionException: java.net.ConnectException: Connection refused (Connection refused)
	at pl.edu.pjatk.tau.dao.PlayerDaoTest.setup(PlayerDaoTest.java:30)
Caused by: org.hsqldb.HsqlException: java.net.ConnectException: Connection refused (Connection refused)
	at pl.edu.pjatk.tau.dao.PlayerDaoTest.setup(PlayerDaoTest.java:30)
Caused by: java.net.ConnectException: Connection refused (Connection refused)
	at pl.edu.pjatk.tau.dao.PlayerDaoTest.setup(PlayerDaoTest.java:30)

checkAdding(pl.edu.pjatk.tau.dao.PlayerDaoTest)  Time elapsed: 0.003 s  <<< ERROR!
java.sql.SQLTransientConnectionException: java.net.ConnectException: Connection refused (Connection refused)
	at pl.edu.pjatk.tau.dao.PlayerDaoTest.cleanup(PlayerDaoTest.java:69)
Caused by: org.hsqldb.HsqlException: java.net.ConnectException: Connection refused (Connection refused)
	at pl.edu.pjatk.tau.dao.PlayerDaoTest.cleanup(PlayerDaoTest.java:69)
Caused by: java.net.ConnectException: Connection refused (Connection refused)
	at pl.edu.pjatk.tau.dao.PlayerDaoTest.cleanup(PlayerDaoTest.java:69)

checkUpdatingFailure(pl.edu.pjatk.tau.dao.PlayerDaoTest)  Time elapsed: 0.002 s  <<< ERROR!
java.sql.SQLTransientConnectionException: java.net.ConnectException: Connection refused (Connection refused)
	at pl.edu.pjatk.tau.dao.PlayerDaoTest.setup(PlayerDaoTest.java:30)
Caused by: org.hsqldb.HsqlException: java.net.ConnectException: Connection refused (Connection refused)
	at pl.edu.pjatk.tau.dao.PlayerDaoTest.setup(PlayerDaoTest.java:30)
Caused by: java.net.ConnectException: Connection refused (Connection refused)
	at pl.edu.pjatk.tau.dao.PlayerDaoTest.setup(PlayerDaoTest.java:30)

checkUpdatingFailure(pl.edu.pjatk.tau.dao.PlayerDaoTest)  Time elapsed: 0.003 s  <<< ERROR!
java.sql.SQLTransientConnectionException: java.net.ConnectException: Connection refused (Connection refused)
	at pl.edu.pjatk.tau.dao.PlayerDaoTest.cleanup(PlayerDaoTest.java:69)
Caused by: org.hsqldb.HsqlException: java.net.ConnectException: Connection refused (Connection refused)
	at pl.edu.pjatk.tau.dao.PlayerDaoTest.cleanup(PlayerDaoTest.java:69)
Caused by: java.net.ConnectException: Connection refused (Connection refused)
	at pl.edu.pjatk.tau.dao.PlayerDaoTest.cleanup(PlayerDaoTest.java:69)

