<?xml version="1.0" encoding="UTF-8"?>
<testsuite xmlns:xsi="http://www.w3.org/2001/XMLSchema-instance" xsi:noNamespaceSchemaLocation="https://maven.apache.org/surefire/maven-surefire-plugin/xsd/surefire-test-report.xsd" name="pl.edu.pjatk.tau.mmo.DatabaseTestSuite" time="1.45" tests="6" errors="1" skipped="0" failures="0">
  <properties>
[...]
</properties>
  <testcase name="checkDeletingSuccess" classname="pl.edu.pjatk.tau.mmo.dao.PlayerDaoTest" time="0.3"/>
  <testcase name="checkGetting" classname="pl.edu.pjatk.tau.mmo.dao.PlayerDaoTest" time="0.211"/>
  <testcase name="checkUpdatingSuccess" classname="pl.edu.pjatk.tau.mmo.dao.PlayerDaoTest" time="0.214"/>
  <testcase name="checkAdding" classname="pl.edu.pjatk.tau.mmo.dao.PlayerDaoTest" time="0.213"/>
  <testcase name="checkDeletingFailure" classname="pl.edu.pjatk.tau.mmo.dao.PlayerDaoTest" time="0.223">
    <error message="Unexpected exception, expected&lt;java.sql.SQLException&gt; but was&lt;java.lang.IllegalStateException&gt;" type="java.lang.Exception"><![CDATA[java.lang.Exception: Unexpected exception, expected<java.sql.SQLException> but was<java.lang.IllegalStateException>
	at pl.edu.pjatk.tau.mmo.dao.PlayerDaoTest.checkDeletingFailure(PlayerDaoTest.java:165)
]]></error>
  </testcase>
  <testcase name="checkUpdatingFailure" classname="pl.edu.pjatk.tau.mmo.dao.PlayerDaoTest" time="0.212"/>
</testsuite>