<?xml version="1.0" encoding="UTF-8"?>
<testsuite xmlns:xsi="http://www.w3.org/2001/XMLSchema-instance" xsi:noNamespaceSchemaLocation="https://maven.apache.org/surefire/maven-surefire-plugin/xsd/surefire-test-report.xsd" name="pl.edu.pjatk.tau.DatabaseTestSuite" time="0.177" tests="12" errors="12" skipped="0" failures="0">
  <properties>
[...]
</properties>
  <testcase name="checkDeleting" classname="pl.edu.pjatk.tau.dao.PlayerDaoTest" time="0.11">
    <error message="java.net.ConnectException: Connection refused (Connection refused)" type="java.sql.SQLTransientConnectionException">java.sql.SQLTransientConnectionException: java.net.ConnectException: Connection refused (Connection refused)
	at pl.edu.pjatk.tau.dao.PlayerDaoTest.setup(PlayerDaoTest.java:30)
Caused by: org.hsqldb.HsqlException: java.net.ConnectException: Connection refused (Connection refused)
	at pl.edu.pjatk.tau.dao.PlayerDaoTest.setup(PlayerDaoTest.java:30)
Caused by: java.net.ConnectException: Connection refused (Connection refused)
	at pl.edu.pjatk.tau.dao.PlayerDaoTest.setup(PlayerDaoTest.java:30)
</error>
  </testcase>
  <testcase name="checkDeleting" classname="pl.edu.pjatk.tau.dao.PlayerDaoTest" time="0.111">
    <error message="java.net.ConnectException: Connection refused (Connection refused)" type="java.sql.SQLTransientConnectionException">java.sql.SQLTransientConnectionException: java.net.ConnectException: Connection refused (Connection refused)
	at pl.edu.pjatk.tau.dao.PlayerDaoTest.cleanup(PlayerDaoTest.java:69)
Caused by: org.hsqldb.HsqlException: java.net.ConnectException: Connection refused (Connection refused)
	at pl.edu.pjatk.tau.dao.PlayerDaoTest.cleanup(PlayerDaoTest.java:69)
Caused by: java.net.ConnectException: Connection refused (Connection refused)
	at pl.edu.pjatk.tau.dao.PlayerDaoTest.cleanup(PlayerDaoTest.java:69)
</error>
  </testcase>
  <testcase name="checkDeletingSuccess" classname="pl.edu.pjatk.tau.dao.PlayerDaoTest" time="0.002">
    <error message="java.net.ConnectException: Connection refused (Connection refused)" type="java.sql.SQLTransientConnectionException">java.sql.SQLTransientConnectionException: java.net.ConnectException: Connection refused (Connection refused)
	at pl.edu.pjatk.tau.dao.PlayerDaoTest.setup(PlayerDaoTest.java:30)
Caused by: org.hsqldb.HsqlException: java.net.ConnectException: Connection refused (Connection refused)
	at pl.edu.pjatk.tau.dao.PlayerDaoTest.setup(PlayerDaoTest.java:30)
Caused by: java.net.ConnectException: Connection refused (Connection refused)
	at pl.edu.pjatk.tau.dao.PlayerDaoTest.setup(PlayerDaoTest.java:30)
</error>
  </testcase>
  <testcase name="checkDeletingSuccess" classname="pl.edu.pjatk.tau.dao.PlayerDaoTest" time="0.003">
    <error message="java.net.ConnectException: Connection refused (Connection refused)" type="java.sql.SQLTransientConnectionException">java.sql.SQLTransientConnectionException: java.net.ConnectException: Connection refused (Connection refused)
	at pl.edu.pjatk.tau.dao.PlayerDaoTest.cleanup(PlayerDaoTest.java:69)
Caused by: org.hsqldb.HsqlException: java.net.ConnectException: Connection refused (Connection refused)
	at pl.edu.pjatk.tau.dao.PlayerDaoTest.cleanup(PlayerDaoTest.java:69)
Caused by: java.net.ConnectException: Connection refused (Connection refused)
	at pl.edu.pjatk.tau.dao.PlayerDaoTest.cleanup(PlayerDaoTest.java:69)
</error>
  </testcase>
  <testcase name="checkGetting" classname="pl.edu.pjatk.tau.dao.PlayerDaoTest" time="0.002">
    <error message="java.net.ConnectException: Connection refused (Connection refused)" type="java.sql.SQLTransientConnectionException">java.sql.SQLTransientConnectionException: java.net.ConnectException: Connection refused (Connection refused)
	at pl.edu.pjatk.tau.dao.PlayerDaoTest.setup(PlayerDaoTest.java:30)
Caused by: org.hsqldb.HsqlException: java.net.ConnectException: Connection refused (Connection refused)
	at pl.edu.pjatk.tau.dao.PlayerDaoTest.setup(PlayerDaoTest.java:30)
Caused by: java.net.ConnectException: Connection refused (Connection refused)
	at pl.edu.pjatk.tau.dao.PlayerDaoTest.setup(PlayerDaoTest.java:30)
</error>
  </testcase>
  <testcase name="checkGetting" classname="pl.edu.pjatk.tau.dao.PlayerDaoTest" time="0.003">
    <error message="java.net.ConnectException: Connection refused (Connection refused)" type="java.sql.SQLTransientConnectionException">java.sql.SQLTransientConnectionException: java.net.ConnectException: Connection refused (Connection refused)
	at pl.edu.pjatk.tau.dao.PlayerDaoTest.cleanup(PlayerDaoTest.java:69)
Caused by: org.hsqldb.HsqlException: java.net.ConnectException: Connection refused (Connection refused)
	at pl.edu.pjatk.tau.dao.PlayerDaoTest.cleanup(PlayerDaoTest.java:69)
Caused by: java.net.ConnectException: Connection refused (Connection refused)
	at pl.edu.pjatk.tau.dao.PlayerDaoTest.cleanup(PlayerDaoTest.java:69)
</error>
  </testcase>
  <testcase name="checkUpdatingSuccess" classname="pl.edu.pjatk.tau.dao.PlayerDaoTest" time="0.002">
    <error message="java.net.ConnectException: Connection refused (Connection refused)" type="java.sql.SQLTransientConnectionException">java.sql.SQLTransientConnectionException: java.net.ConnectException: Connection refused (Connection refused)
	at pl.edu.pjatk.tau.dao.PlayerDaoTest.setup(PlayerDaoTest.java:30)
Caused by: org.hsqldb.HsqlException: java.net.ConnectException: Connection refused (Connection refused)
	at pl.edu.pjatk.tau.dao.PlayerDaoTest.setup(PlayerDaoTest.java:30)
Caused by: java.net.ConnectException: Connection refused (Connection refused)
	at pl.edu.pjatk.tau.dao.PlayerDaoTest.setup(PlayerDaoTest.java:30)
</error>
  </testcase>
  <testcase name="checkUpdatingSuccess" classname="pl.edu.pjatk.tau.dao.PlayerDaoTest" time="0.003">
    <error message="java.net.ConnectException: Connection refused (Connection refused)" type="java.sql.SQLTransientConnectionException">java.sql.SQLTransientConnectionException: java.net.ConnectException: Connection refused (Connection refused)
	at pl.edu.pjatk.tau.dao.PlayerDaoTest.cleanup(PlayerDaoTest.java:69)
Caused by: org.hsqldb.HsqlException: java.net.ConnectException: Connection refused (Connection refused)
	at pl.edu.pjatk.tau.dao.PlayerDaoTest.cleanup(PlayerDaoTest.java:69)
Caused by: java.net.ConnectException: Connection refused (Connection refused)
	at pl.edu.pjatk.tau.dao.PlayerDaoTest.cleanup(PlayerDaoTest.java:69)
</error>
  </testcase>
  <testcase name="checkAdding" classname="pl.edu.pjatk.tau.dao.PlayerDaoTest" time="0.002">
    <error message="java.net.ConnectException: Connection refused (Connection refused)" type="java.sql.SQLTransientConnectionException">java.sql.SQLTransientConnectionException: java.net.ConnectException: Connection refused (Connection refused)
	at pl.edu.pjatk.tau.dao.PlayerDaoTest.setup(PlayerDaoTest.java:30)
Caused by: org.hsqldb.HsqlException: java.net.ConnectException: Connection refused (Connection refused)
	at pl.edu.pjatk.tau.dao.PlayerDaoTest.setup(PlayerDaoTest.java:30)
Caused by: java.net.ConnectException: Connection refused (Connection refused)
	at pl.edu.pjatk.tau.dao.PlayerDaoTest.setup(PlayerDaoTest.java:30)
</error>
  </testcase>
  <testcase name="checkAdding" classname="pl.edu.pjatk.tau.dao.PlayerDaoTest" time="0.003">
    <error message="java.net.ConnectException: Connection refused (Connection refused)" type="java.sql.SQLTransientConnectionException">java.sql.SQLTransientConnectionException: java.net.ConnectException: Connection refused (Connection refused)
	at pl.edu.pjatk.tau.dao.PlayerDaoTest.cleanup(PlayerDaoTest.java:69)
Caused by: org.hsqldb.HsqlException: java.net.ConnectException: Connection refused (Connection refused)
	at pl.edu.pjatk.tau.dao.PlayerDaoTest.cleanup(PlayerDaoTest.java:69)
Caused by: java.net.ConnectException: Connection refused (Connection refused)
	at pl.edu.pjatk.tau.dao.PlayerDaoTest.cleanup(PlayerDaoTest.java:69)
</error>
  </testcase>
  <testcase name="checkUpdatingFailure" classname="pl.edu.pjatk.tau.dao.PlayerDaoTest" time="0.002">
    <error message="java.net.ConnectException: Connection refused (Connection refused)" type="java.sql.SQLTransientConnectionException">java.sql.SQLTransientConnectionException: java.net.ConnectException: Connection refused (Connection refused)
	at pl.edu.pjatk.tau.dao.PlayerDaoTest.setup(PlayerDaoTest.java:30)
Caused by: org.hsqldb.HsqlException: java.net.ConnectException: Connection refused (Connection refused)
	at pl.edu.pjatk.tau.dao.PlayerDaoTest.setup(PlayerDaoTest.java:30)
Caused by: java.net.ConnectException: Connection refused (Connection refused)
	at pl.edu.pjatk.tau.dao.PlayerDaoTest.setup(PlayerDaoTest.java:30)
</error>
  </testcase>
  <testcase name="checkUpdatingFailure" classname="pl.edu.pjatk.tau.dao.PlayerDaoTest" time="0.003">
    <error message="java.net.ConnectException: Connection refused (Connection refused)" type="java.sql.SQLTransientConnectionException">java.sql.SQLTransientConnectionException: java.net.ConnectException: Connection refused (Connection refused)
	at pl.edu.pjatk.tau.dao.PlayerDaoTest.cleanup(PlayerDaoTest.java:69)
Caused by: org.hsqldb.HsqlException: java.net.ConnectException: Connection refused (Connection refused)
	at pl.edu.pjatk.tau.dao.PlayerDaoTest.cleanup(PlayerDaoTest.java:69)
Caused by: java.net.ConnectException: Connection refused (Connection refused)
	at pl.edu.pjatk.tau.dao.PlayerDaoTest.cleanup(PlayerDaoTest.java:69)
</error>
  </testcase>
</testsuite>